<?xml version="1.0" encoding="UTF-8"?>
<!-- Generated by org.testng.reporters.JUnitReportReporter -->
<testsuite skipped="0" hostname="DESKTOP-MRC5NGO" name="runner.Classrunner$TestRunnerTransfer" tests="1" failures="0" timestamp="26 Sep 2020 16:37:25 GMT" time="0.004" errors="1">
  <testcase name="runScenario" time="0.004" classname="runner.Classrunner$TestRunnerTransfer">
    <error type="cucumber.runtime.CucumberException" message="Failed to parse resource at: file:/C:/Users/babu_/eclipse-workspace/Bank/src/test/resources/bank.Feature">
      <![CDATA[cucumber.runtime.CucumberException: Failed to parse resource at: file:/C:/Users/babu_/eclipse-workspace/Bank/src/test/resources/bank.Feature
at cucumber.runtime.model.FeatureParser.parseResource(FeatureParser.java:40)
at cucumber.runtime.model.FeatureBuilder.parse(FeatureBuilder.java:25)
at cucumber.runtime.model.FeatureLoader.loadFromFeaturePath(FeatureLoader.java:36)
at cucumber.runtime.model.FeatureLoader.load(FeatureLoader.java:23)
at cucumber.runtime.FeaturePathFeatureSupplier.get(FeaturePathFeatureSupplier.java:33)
at io.cucumber.testng.TestNGCucumberRunner.getFeatures(TestNGCucumberRunner.java:116)
at io.cucumber.testng.TestNGCucumberRunner.provideScenarios(TestNGCucumberRunner.java:98)
at io.cucumber.testng.AbstractTestNGCucumberTests.scenarios(AbstractTestNGCucumberTests.java:38)
at runner.Classrunner$TestRunnerTransfer.scenarios(Classrunner.java:14)
at sun.reflect.NativeMethodAccessorImpl.invoke0(Native Method)
at sun.reflect.NativeMethodAccessorImpl.invoke(Unknown Source)
at sun.reflect.DelegatingMethodAccessorImpl.invoke(Unknown Source)
at java.lang.reflect.Method.invoke(Unknown Source)
at org.testng.internal.MethodInvocationHelper.invokeMethod(MethodInvocationHelper.java:124)
at org.testng.internal.MethodInvocationHelper.invokeMethod(MethodInvocationHelper.java:74)
at org.testng.internal.MethodInvocationHelper.invokeMethodNoCheckedException(MethodInvocationHelper.java:45)
at org.testng.internal.MethodInvocationHelper.invokeDataProvider(MethodInvocationHelper.java:131)
at org.testng.internal.Parameters.handleParameters(Parameters.java:706)
at org.testng.internal.ParameterHandler.handleParameters(ParameterHandler.java:49)
at org.testng.internal.ParameterHandler.createParameters(ParameterHandler.java:37)
at org.testng.internal.Invoker.invokeTestMethods(Invoker.java:924)
at org.testng.internal.TestMethodWorker.invokeTestMethods(TestMethodWorker.java:125)
at org.testng.internal.TestMethodWorker.run(TestMethodWorker.java:109)
at org.testng.TestRunner.privateRun(TestRunner.java:648)
at org.testng.TestRunner.run(TestRunner.java:505)
at org.testng.SuiteRunner.runTest(SuiteRunner.java:455)
at org.testng.SuiteRunner.runSequentially(SuiteRunner.java:450)
at org.testng.SuiteRunner.privateRun(SuiteRunner.java:415)
at org.testng.SuiteRunner.run(SuiteRunner.java:364)
at org.testng.SuiteRunnerWorker.runSuite(SuiteRunnerWorker.java:52)
at org.testng.SuiteRunnerWorker.run(SuiteRunnerWorker.java:84)
at org.testng.TestNG.runSuitesSequentially(TestNG.java:1208)
at org.testng.TestNG.runSuitesLocally(TestNG.java:1137)
at org.testng.TestNG.runSuites(TestNG.java:1049)
at org.testng.TestNG.run(TestNG.java:1017)
at org.testng.remote.AbstractRemoteTestNG.run(AbstractRemoteTestNG.java:114)
at org.testng.remote.RemoteTestNG.initAndRun(RemoteTestNG.java:251)
at org.testng.remote.RemoteTestNG.main(RemoteTestNG.java:77)
Caused by: gherkin.ParserException$CompositeParserException: Parser errors:
(9:3): expected: #EOF, #TableRow, #DocStringSeparator, #StepLine, #TagLine, #ExamplesLine, #ScenarioLine, #ScenarioOutlineLine, #Comment, #Empty, got '"<RecieverName>", "<RecieverAccountNumber>","<RoutingNumber>",'
(10:3): expected: #EOF, #TableRow, #DocStringSeparator, #StepLine, #TagLine, #ExamplesLine, #ScenarioLine, #ScenarioOutlineLine, #Comment, #Empty, got '"<Amount>", "<Date>" and "<Description>"  to complete  the fund transfer'
at gherkin.Parser.parse(Parser.java:143)
at gherkin.Parser.parse(Parser.java:118)
at gherkin.Parser.parse(Parser.java:114)
at cucumber.runtime.model.FeatureParser.parseResource(FeatureParser.java:36)
... 37 more
]]>
    </error>
  </testcase> <!-- runScenario -->
</testsuite> <!-- runner.Classrunner$TestRunnerTransfer -->
